-------------------------------------------------------------------------------
Test set: mypackage.TestCalc
-------------------------------------------------------------------------------
Tests run: 1, Failures: 1, Errors: 0, Skipped: 0, Time elapsed: 0.046 s <<< FAILURE! - in mypackage.TestCalc
testAdd  Time elapsed: 0.04 s  <<< FAILURE!
org.opentest4j.AssertionFailedError: Addition works! ==> expected: <9> but was: <10>
	at mypackage.TestCalc.testAdd(TestCalc.java:11)

