<?xml version="1.0" encoding="UTF-8"?>
<testsuite xmlns:xsi="http://www.w3.org/2001/XMLSchema-instance" xsi:noNamespaceSchemaLocation="https://maven.apache.org/surefire/maven-surefire-plugin/xsd/surefire-test-report.xsd" name="mypackage.TestCalc" time="0.044" tests="2" errors="0" skipped="0" failures="1">
  <properties>
[...]
</properties>
  <testcase name="testAdd" classname="mypackage.TestCalc" time="0.024"/>
  <testcase name="testSubtract" classname="mypackage.TestCalc" time="0.013">
    <failure message="expected: &lt;20&gt; but was: &lt;10&gt;" type="org.opentest4j.AssertionFailedError"><![CDATA[org.opentest4j.AssertionFailedError: expected: <20> but was: <10>
	at mypackage.TestCalc.testSubtract(TestCalc.java:15)
]]></failure>
  </testcase>
</testsuite>